#
# There is insufficient memory for the Java Runtime Environment to continue.
# Native memory allocation (malloc) failed to allocate 524288 bytes. Error detail: AllocateHeap
# Possible reasons:
#   The system is out of physical RAM or swap space
#   This process is running with CompressedOops enabled, and the Java Heap may be blocking the growth of the native heap
# Possible solutions:
#   Reduce memory load on the system
#   Increase physical memory or swap space
#   Check if swap backing store is full
#   Decrease Java heap size (-Xmx/-Xms)
#   Decrease number of Java threads
#   Decrease Java thread stack sizes (-Xss)
#   Set larger code cache with -XX:ReservedCodeCacheSize=
#   JVM is running with Unscaled Compressed Oops mode in which the Java heap is
#     placed in the first 4GB address space. The Java Heap base address is the
#     maximum limit for the native heap growth. Please use -XX:HeapBaseMinAddress
#     to set the Java Heap base and to place the Java Heap above 4GB virtual address.
# This output file may be truncated or incomplete.
#
#  Out of Memory Error (allocation.cpp:44), pid=13940, tid=23308
#
# JRE version:  (17.0.11+9) (build )
# Java VM: OpenJDK 64-Bit Server VM (17.0.11+9, mixed mode, tiered, compressed oops, compressed class ptrs, parallel gc, windows-amd64)
# No core dump will be written. Minidumps are not enabled by default on client versions of Windows
#

---------------  S U M M A R Y ------------

Command Line: --add-modules=ALL-SYSTEM --add-opens=java.base/java.util=ALL-UNNAMED --add-opens=java.base/java.lang=ALL-UNNAMED --add-opens=java.base/sun.nio.fs=ALL-UNNAMED -Declipse.application=org.eclipse.jdt.ls.core.id1 -Dosgi.bundles.defaultStartLevel=4 -Declipse.product=org.eclipse.jdt.ls.core.product -Djava.import.generatesMetadataFilesAtProjectRoot=false -DDetectVMInstallationsJob.disabled=true -Dfile.encoding=utf8 -XX:+UseParallelGC -XX:GCTimeRatio=4 -XX:AdaptiveSizePolicyWeight=90 -Dsun.zip.disableMemoryMapping=true -Xmx1G -Xms100m -Xlog:disable -javaagent:c:\Users\Janet\.vscode\extensions\redhat.java-1.32.2024061408-win32-x64\lombok\lombok-1.18.33.jar -XX:+HeapDumpOnOutOfMemoryError -XX:HeapDumpPath=c:\Users\Janet\AppData\Roaming\Code\User\workspaceStorage\98e57b3321d507c9bedb7f6556ca88e9\redhat.java -Daether.dependencyCollector.impl=bf c:\Users\Janet\.vscode\extensions\redhat.java-1.32.2024061408-win32-x64\server\plugins\org.eclipse.equinox.launcher_1.6.800.v20240513-1750.jar -configuration c:\Users\Janet\AppData\Roaming\Code\User\globalStorage\redhat.java\1.32.2024061408\config_win -data c:\Users\Janet\AppData\Roaming\Code\User\workspaceStorage\98e57b3321d507c9bedb7f6556ca88e9\redhat.java\jdt_ws --pipe=\\.\pipe\lsp-c5d957d16ebeef644c93c90203e5574c-sock

Host: AMD Ryzen 7 3700U with Radeon Vega Mobile Gfx  , 8 cores, 5G,  Windows 11 , 64 bit Build 22621 (10.0.22621.3672)
Time: Sun Jun 16 18:26:51 2024 Hora estándar oeste, Sudamérica elapsed time: 0.037201 seconds (0d 0h 0m 0s)

---------------  T H R E A D  ---------------

Current thread (0x0000025914d78ba0):  JavaThread "Unknown thread" [_thread_in_vm, id=23308, stack(0x0000009461c00000,0x0000009461d00000)]

Stack: [0x0000009461c00000,0x0000009461d00000]
Native frames: (J=compiled Java code, j=interpreted, Vv=VM code, C=native code)
V  [jvm.dll+0x67d429]
V  [jvm.dll+0x834b7a]
V  [jvm.dll+0x83663e]
V  [jvm.dll+0x836ca3]
V  [jvm.dll+0x247dbf]
V  [jvm.dll+0xa6cb3]
V  [jvm.dll+0x760652]
V  [jvm.dll+0x7605d6]
V  [jvm.dll+0x760a91]
V  [jvm.dll+0x806666]
V  [jvm.dll+0x36c561]
V  [jvm.dll+0x7e4f56]
V  [jvm.dll+0x3efdcf]
V  [jvm.dll+0x3f1921]
C  [jli.dll+0x528f]
C  [ucrtbase.dll+0x29333]
C  [KERNEL32.DLL+0x1257d]
C  [ntdll.dll+0x5af28]


---------------  P R O C E S S  ---------------

Threads class SMR info:
_java_thread_list=0x00007ffb57e8eed8, length=0, elements={
}

Java Threads: ( => current thread )

Other Threads:
  0x0000025914d8e900 GCTaskThread "GC Thread#0" [stack: 0x0000009461d00000,0x0000009461e00000] [id=27200]

=>0x0000025914d78ba0 (exited) JavaThread "Unknown thread" [_thread_in_vm, id=23308, stack(0x0000009461c00000,0x0000009461d00000)]

Threads with active compile tasks:

VM state: not at safepoint (not fully initialized)

VM Mutex/Monitor currently owned by a thread: None

Heap address: 0x00000000c0000000, size: 1024 MB, Compressed Oops mode: 32-bit

CDS archive(s) not mapped
Compressed class space mapped at: 0x0000000100000000-0x0000000140000000, reserved size: 1073741824
Narrow klass base: 0x0000000000000000, Narrow klass shift: 3, Narrow klass range: 0x140000000

GC Precious Log:
 CPUs: 8 total, 8 available
 Memory: 6091M
 Large Page Support: Disabled
 NUMA Support: Disabled
 Compressed Oops: Enabled (32-bit)
 Alignments: Space 512K, Generation 512K, Heap 2M
 Heap Min Capacity: 100M
 Heap Initial Capacity: 100M
 Heap Max Capacity: 1G
 Pre-touch: Disabled
 Parallel Workers: 8

Heap:
 PSYoungGen      total 29696K, used 0K [0x00000000eab00000, 0x00000000ecc00000, 0x0000000100000000)
  eden space 25600K, 0% used [0x00000000eab00000,0x00000000eab00000,0x00000000ec400000)
  from space 4096K, 0% used [0x00000000ec800000,0x00000000ec800000,0x00000000ecc00000)
  to   space 4096K, 0% used [0x00000000ec400000,0x00000000ec400000,0x00000000ec800000)
 ParOldGen       total 68608K, used 0K [0x00000000c0000000, 0x00000000c4300000, 0x00000000eab00000)
  object space 68608K, 0% used [0x00000000c0000000,0x00000000c0000000,0x00000000c4300000)
 Metaspace       used 0K, committed 0K, reserved 1048576K
  class space    used 0K, committed 0K, reserved 1048576K

Card table byte_map: [0x0000025914720000,0x0000025914930000] _byte_map_base: 0x0000025914120000

Marking Bits: (ParMarkBitMap*) 0x00007ffb57efd820
 Begin Bits: [0x00000259269f0000, 0x00000259279f0000)
 End Bits:   [0x00000259279f0000, 0x00000259289f0000)

GC Heap History (0 events):
No events

Dll operation events (1 events):
Event: 0.026 Loaded shared library c:\Users\Janet\.vscode\extensions\redhat.java-1.32.2024061408-win32-x64\jre\17.0.11-win32-x86_64\bin\java.dll

Deoptimization events (0 events):
No events

Classes unloaded (0 events):
No events

Classes redefined (0 events):
No events

Internal exceptions (0 events):
No events

VM Operations (0 events):
No events

Events (0 events):
No events


Dynamic libraries:
0x00007ff6ef760000 - 0x00007ff6ef76e000 	c:\Users\Janet\.vscode\extensions\redhat.java-1.32.2024061408-win32-x64\jre\17.0.11-win32-x86_64\bin\java.exe
0x00007ffbd3fb0000 - 0x00007ffbd41c7000 	C:\WINDOWS\SYSTEM32\ntdll.dll
0x00007ffbd2d30000 - 0x00007ffbd2df4000 	C:\WINDOWS\System32\KERNEL32.DLL
0x00007ffbd12e0000 - 0x00007ffbd168c000 	C:\WINDOWS\System32\KERNELBASE.dll
0x00007ffbcae50000 - 0x00007ffbcaee7000 	C:\WINDOWS\SYSTEM32\apphelp.dll
0x00007ffbd1bd0000 - 0x00007ffbd1ce1000 	C:\WINDOWS\System32\ucrtbase.dll
0x00007ffbbbd10000 - 0x00007ffbbbd27000 	c:\Users\Janet\.vscode\extensions\redhat.java-1.32.2024061408-win32-x64\jre\17.0.11-win32-x86_64\bin\jli.dll
0x00007ffbd1ea0000 - 0x00007ffbd204e000 	C:\WINDOWS\System32\USER32.dll
0x00007ffbd1990000 - 0x00007ffbd19b6000 	C:\WINDOWS\System32\win32u.dll
0x00007ffbb3f20000 - 0x00007ffbb3f3b000 	c:\Users\Janet\.vscode\extensions\redhat.java-1.32.2024061408-win32-x64\jre\17.0.11-win32-x86_64\bin\VCRUNTIME140.dll
0x00007ffbd33b0000 - 0x00007ffbd33d9000 	C:\WINDOWS\System32\GDI32.dll
0x00007ffbd1730000 - 0x00007ffbd1849000 	C:\WINDOWS\System32\gdi32full.dll
0x00007ffbd1690000 - 0x00007ffbd172a000 	C:\WINDOWS\System32\msvcp_win.dll
0x00007ffbc0490000 - 0x00007ffbc0723000 	C:\WINDOWS\WinSxS\amd64_microsoft.windows.common-controls_6595b64144ccf1df_6.0.22621.3672_none_2713b9d173822955\COMCTL32.dll
0x00007ffbd2610000 - 0x00007ffbd26b7000 	C:\WINDOWS\System32\msvcrt.dll
0x00007ffbd2bb0000 - 0x00007ffbd2be1000 	C:\WINDOWS\System32\IMM32.DLL
0x00007ffbc1d90000 - 0x00007ffbc1d9c000 	c:\Users\Janet\.vscode\extensions\redhat.java-1.32.2024061408-win32-x64\jre\17.0.11-win32-x86_64\bin\vcruntime140_1.dll
0x00007ffb91b50000 - 0x00007ffb91bdd000 	c:\Users\Janet\.vscode\extensions\redhat.java-1.32.2024061408-win32-x64\jre\17.0.11-win32-x86_64\bin\msvcp140.dll
0x00007ffb57360000 - 0x00007ffb57fc2000 	c:\Users\Janet\.vscode\extensions\redhat.java-1.32.2024061408-win32-x64\jre\17.0.11-win32-x86_64\bin\server\jvm.dll
0x00007ffbd3dd0000 - 0x00007ffbd3e82000 	C:\WINDOWS\System32\ADVAPI32.dll
0x00007ffbd3150000 - 0x00007ffbd31fa000 	C:\WINDOWS\System32\sechost.dll
0x00007ffbd19c0000 - 0x00007ffbd19e8000 	C:\WINDOWS\System32\bcrypt.dll
0x00007ffbd2bf0000 - 0x00007ffbd2d05000 	C:\WINDOWS\System32\RPCRT4.dll
0x00007ffbd11a0000 - 0x00007ffbd11ed000 	C:\WINDOWS\SYSTEM32\POWRPROF.dll
0x00007ffbb3b40000 - 0x00007ffbb3b49000 	C:\WINDOWS\SYSTEM32\WSOCK32.dll
0x00007ffbd34d0000 - 0x00007ffbd3541000 	C:\WINDOWS\System32\WS2_32.dll
0x00007ffbcbcb0000 - 0x00007ffbcbce4000 	C:\WINDOWS\SYSTEM32\WINMM.dll
0x00007ffbcbc80000 - 0x00007ffbcbc8a000 	C:\WINDOWS\SYSTEM32\VERSION.dll
0x00007ffbd1180000 - 0x00007ffbd1193000 	C:\WINDOWS\SYSTEM32\UMPDC.dll
0x00007ffbd02e0000 - 0x00007ffbd02f8000 	C:\WINDOWS\SYSTEM32\kernel.appcore.dll
0x00007ffbc03f0000 - 0x00007ffbc03fa000 	c:\Users\Janet\.vscode\extensions\redhat.java-1.32.2024061408-win32-x64\jre\17.0.11-win32-x86_64\bin\jimage.dll
0x00007ffbce340000 - 0x00007ffbce572000 	C:\WINDOWS\SYSTEM32\DBGHELP.DLL
0x00007ffbd20b0000 - 0x00007ffbd2438000 	C:\WINDOWS\System32\combase.dll
0x00007ffbd3e90000 - 0x00007ffbd3f67000 	C:\WINDOWS\System32\OLEAUT32.dll
0x00007ffbbdc60000 - 0x00007ffbbdc92000 	C:\WINDOWS\SYSTEM32\dbgcore.DLL
0x00007ffbd1910000 - 0x00007ffbd198b000 	C:\WINDOWS\System32\bcryptPrimitives.dll
0x00007ffbbffa0000 - 0x00007ffbbffae000 	c:\Users\Janet\.vscode\extensions\redhat.java-1.32.2024061408-win32-x64\jre\17.0.11-win32-x86_64\bin\instrument.dll
0x00007ffbacf60000 - 0x00007ffbacf85000 	c:\Users\Janet\.vscode\extensions\redhat.java-1.32.2024061408-win32-x64\jre\17.0.11-win32-x86_64\bin\java.dll

dbghelp: loaded successfully - version: 4.0.5 - missing functions: none
symbol engine: initialized successfully - sym options: 0x614 - pdb path: .;c:\Users\Janet\.vscode\extensions\redhat.java-1.32.2024061408-win32-x64\jre\17.0.11-win32-x86_64\bin;C:\WINDOWS\SYSTEM32;C:\WINDOWS\WinSxS\amd64_microsoft.windows.common-controls_6595b64144ccf1df_6.0.22621.3672_none_2713b9d173822955;c:\Users\Janet\.vscode\extensions\redhat.java-1.32.2024061408-win32-x64\jre\17.0.11-win32-x86_64\bin\server

VM Arguments:
jvm_args: --add-modules=ALL-SYSTEM --add-opens=java.base/java.util=ALL-UNNAMED --add-opens=java.base/java.lang=ALL-UNNAMED --add-opens=java.base/sun.nio.fs=ALL-UNNAMED -Declipse.application=org.eclipse.jdt.ls.core.id1 -Dosgi.bundles.defaultStartLevel=4 -Declipse.product=org.eclipse.jdt.ls.core.product -Djava.import.generatesMetadataFilesAtProjectRoot=false -DDetectVMInstallationsJob.disabled=true -Dfile.encoding=utf8 -XX:+UseParallelGC -XX:GCTimeRatio=4 -XX:AdaptiveSizePolicyWeight=90 -Dsun.zip.disableMemoryMapping=true -Xmx1G -Xms100m -Xlog:disable -javaagent:c:\Users\Janet\.vscode\extensions\redhat.java-1.32.2024061408-win32-x64\lombok\lombok-1.18.33.jar -XX:+HeapDumpOnOutOfMemoryError -XX:HeapDumpPath=c:\Users\Janet\AppData\Roaming\Code\User\workspaceStorage\98e57b3321d507c9bedb7f6556ca88e9\redhat.java -Daether.dependencyCollector.impl=bf 
java_command: c:\Users\Janet\.vscode\extensions\redhat.java-1.32.2024061408-win32-x64\server\plugins\org.eclipse.equinox.launcher_1.6.800.v20240513-1750.jar -configuration c:\Users\Janet\AppData\Roaming\Code\User\globalStorage\redhat.java\1.32.2024061408\config_win -data c:\Users\Janet\AppData\Roaming\Code\User\workspaceStorage\98e57b3321d507c9bedb7f6556ca88e9\redhat.java\jdt_ws --pipe=\\.\pipe\lsp-c5d957d16ebeef644c93c90203e5574c-sock
java_class_path (initial): c:\Users\Janet\.vscode\extensions\redhat.java-1.32.2024061408-win32-x64\server\plugins\org.eclipse.equinox.launcher_1.6.800.v20240513-1750.jar
Launcher Type: SUN_STANDARD

[Global flags]
    uintx AdaptiveSizePolicyWeight                 = 90                                        {product} {command line}
     intx CICompilerCount                          = 4                                         {product} {ergonomic}
    uintx GCTimeRatio                              = 4                                         {product} {command line}
     bool HeapDumpOnOutOfMemoryError               = true                                   {manageable} {command line}
    ccstr HeapDumpPath                             = c:\Users\Janet\AppData\Roaming\Code\User\workspaceStorage\98e57b3321d507c9bedb7f6556ca88e9\redhat.java         {manageable} {command line}
   size_t InitialHeapSize                          = 104857600                                 {product} {command line}
   size_t MaxHeapSize                              = 1073741824                                {product} {command line}
   size_t MaxNewSize                               = 357564416                                 {product} {ergonomic}
   size_t MinHeapDeltaBytes                        = 524288                                    {product} {ergonomic}
   size_t MinHeapSize                              = 104857600                                 {product} {command line}
   size_t NewSize                                  = 34603008                                  {product} {ergonomic}
    uintx NonNMethodCodeHeapSize                   = 5839372                                {pd product} {ergonomic}
    uintx NonProfiledCodeHeapSize                  = 122909434                              {pd product} {ergonomic}
   size_t OldSize                                  = 70254592                                  {product} {ergonomic}
    uintx ProfiledCodeHeapSize                     = 122909434                              {pd product} {ergonomic}
    uintx ReservedCodeCacheSize                    = 251658240                              {pd product} {ergonomic}
     bool SegmentedCodeCache                       = true                                      {product} {ergonomic}
   size_t SoftMaxHeapSize                          = 1073741824                             {manageable} {ergonomic}
     bool UseCompressedClassPointers               = true                           {product lp64_product} {ergonomic}
     bool UseCompressedOops                        = true                           {product lp64_product} {ergonomic}
     bool UseLargePagesIndividualAllocation        = false                                  {pd product} {ergonomic}
     bool UseParallelGC                            = true                                      {product} {command line}

Logging:
Log output configuration:
 #0: stdout all=off uptime,level,tags
 #1: stderr all=off uptime,level,tags

Environment Variables:
JAVA_HOME=C:\Program Files\Java\jdk-11
PATH=C:\Program Files\Common Files\Oracle\Java\javapath;C:\Program Files\Java\jdk-11\bin;C:\Program Files\Java\jdk-11;C:\Users\Janet\AppData\Local\Programs\Python\Python310\Scripts\;C:\Users\Janet\AppData\Local\Programs\Python\Python310\;C:\Program Files (x86)\Embarcadero\Studio\21.0\bin;C:\Users\Public\Documents\Embarcadero\Studio\21.0\Bpl;C:\Program Files (x86)\Embarcadero\Studio\21.0\bin64;C:\Users\Public\Documents\Embarcadero\Studio\21.0\Bpl\Win64;C:\Windows\system32;C:\Windows;C:\Windows\System32\Wbem;C:\Windows\System32\WindowsPowerShell\v1.0\;C:\Windows\System32\OpenSSH\;C:\Program Files (x86)\Microsoft SQL Server\150\DTS\Binn\;C:\Program Files (x86)\Microsoft SQL Server\150\Tools\Binn\;C:\Program Files\Microsoft SQL Server\150\Tools\Binn\;C:\Program Files\Microsoft SQL Server\Client SDK\ODBC\170\Tools\Binn\;C:\Program Files\Microsoft SQL Server\150\DTS\Binn\;C:\WINDOWS\system32;C:\WINDOWS;C:\WINDOWS\System32\Wbem;C:\WINDOWS\System32\WindowsPowerShell\v1.0\;C:\WINDOWS\System32\OpenSSH\;C:\ProgramData\chocolatey\bin;C:\Program Files\Git\cmd;C:\ProgramData\ComposerSetup\bin;C:\xampp\php;C:\Users\Janet\AppData\Local\Programs\Python\Python310;C:\Program Files\nodejs\;C:\flutter\bin;C:\gradle-8.4\bin;C:\Users\Janet\AppData\Local\Google\Cloud SDK\google-cloud-sdk\bin;C:\Program Files\dotnet\;D:\apache-maven-3.9.7\bin;;C:\Program Files\Docker\Docker\resources\bin;C:\Program Files\Java\jdk-11;C:\Users\Janet\AppData\Local\Microsoft\WindowsApps;C:\Mingw\Mingw64\bin;C:\Users\Janet\AppData\Local\ComposerSetup\bin;C:\Program Files\Azure Data Studio\bin;C:\Users\Janet\.dotnet\tools;C:\xampp\php;C:\Users\Janet\AppData\Local\Programs\Microsoft VS Code\bin;C:\Users\Janet\AppData\Roaming\Composer\vendor\bin;C:\Users\Janet\AppData\Local\Programs\Python\Python310;C:\Users\Janet\AppData\Local\Programs\Python\Python310\Tools\scripts;C:\Users\Janet\AppData\Roaming\npm;C:\flutter\bin;C:\gradle-8.4\bin;C:\tools\dart-sdk\bin;C:\Users\Janet\AppData\Local\Pub\Cache\bin;C:\Users\Janet\AppDa
USERNAME=Janet
OS=Windows_NT
PROCESSOR_IDENTIFIER=AMD64 Family 23 Model 24 Stepping 1, AuthenticAMD
TMP=C:\Users\Janet\AppData\Local\Temp
TEMP=C:\Users\Janet\AppData\Local\Temp



Periodic native trim disabled


---------------  S Y S T E M  ---------------

OS:
 Windows 11 , 64 bit Build 22621 (10.0.22621.3672)
OS uptime: 3 days 14:27 hours
Hyper-V role detected

CPU: total 8 (initial active 8) (8 cores per cpu, 2 threads per core) family 23 model 24 stepping 1 microcode 0x0, cx8, cmov, fxsr, ht, mmx, 3dnowpref, sse, sse2, sse3, ssse3, sse4a, sse4.1, sse4.2, popcnt, lzcnt, tsc, tscinvbit, avx, avx2, aes, clmul, bmi1, bmi2, adx, sha, fma, vzeroupper, clflush, clflushopt, hv
Processor Information for all 8 processors :
  Max Mhz: 2300, Current Mhz: 2300, Mhz Limit: 2300

Memory: 4k page, system-wide physical 6091M (403M free)
TotalPageFile size 24523M (AvailPageFile size 2M)
current process WorkingSet (physical memory assigned to process): 12M, peak: 12M
current process commit charge ("private bytes"): 146M, peak: 147M

vm_info: OpenJDK 64-Bit Server VM (17.0.11+9) for windows-amd64 JRE (17.0.11+9), built on Apr 17 2024 06:07:48 by "admin" with MS VC++ 16.10 / 16.11 (VS2019)

END.
